
*** Running vivado
    with args -log rom_program_memory.vds -m64 -product Vivado -mode batch -messageDb vivado.pb -notrace -source rom_program_memory.tcl


****** Vivado v2016.4 (64-bit)
  **** SW Build 1756540 on Mon Jan 23 19:11:19 MST 2017
  **** IP Build 1755317 on Mon Jan 23 20:30:07 MST 2017
    ** Copyright 1986-2016 Xilinx, Inc. All Rights Reserved.

source rom_program_memory.tcl -notrace
Starting RTL Elaboration : Time (s): cpu = 00:00:06 ; elapsed = 00:00:07 . Memory (MB): peak = 1090.797 ; gain = 168.086 ; free physical = 3660 ; free virtual = 13692
INFO: [Synth 8-638] synthesizing module 'rom_program_memory' [/home/dual/cs5170403/COL216/COL216_assn_5/COL216_assn_5.srcs/sources_1/ip/rom_program_memory/synth/rom_program_memory.vhd:66]
INFO: [Synth 8-256] done synthesizing module 'rom_program_memory' (4#1) [/home/dual/cs5170403/COL216/COL216_assn_5/COL216_assn_5.srcs/sources_1/ip/rom_program_memory/synth/rom_program_memory.vhd:66]
Finished RTL Elaboration : Time (s): cpu = 00:00:07 ; elapsed = 00:00:08 . Memory (MB): peak = 1132.266 ; gain = 209.555 ; free physical = 3616 ; free virtual = 13649
Finished RTL Optimization Phase 1 : Time (s): cpu = 00:00:07 ; elapsed = 00:00:08 . Memory (MB): peak = 1132.266 ; gain = 209.555 ; free physical = 3617 ; free virtual = 13649
INFO: [Device 21-403] Loading part xc7a35tcpg236-1
Constraint Validation Runtime : Time (s): cpu = 00:00:00.01 ; elapsed = 00:00:00.01 . Memory (MB): peak = 1378.473 ; gain = 0.000 ; free physical = 3456 ; free virtual = 13488
Finished Constraint Validation : Time (s): cpu = 00:00:14 ; elapsed = 00:00:15 . Memory (MB): peak = 1378.473 ; gain = 455.762 ; free physical = 3454 ; free virtual = 13487
Finished Loading Part and Timing Information : Time (s): cpu = 00:00:14 ; elapsed = 00:00:15 . Memory (MB): peak = 1378.473 ; gain = 455.762 ; free physical = 3454 ; free virtual = 13487
Finished applying 'set_property' XDC Constraints : Time (s): cpu = 00:00:14 ; elapsed = 00:00:15 . Memory (MB): peak = 1378.473 ; gain = 455.762 ; free physical = 3454 ; free virtual = 13487
Finished RTL Optimization Phase 2 : Time (s): cpu = 00:00:14 ; elapsed = 00:00:15 . Memory (MB): peak = 1386.480 ; gain = 463.770 ; free physical = 3444 ; free virtual = 13476
Finished Cross Boundary and Area Optimization : Time (s): cpu = 00:00:14 ; elapsed = 00:00:15 . Memory (MB): peak = 1410.504 ; gain = 487.793 ; free physical = 3421 ; free virtual = 13453
---------------------------------------------------------------------------------
Start ROM, RAM, DSP and Shift Register Reporting
---------------------------------------------------------------------------------

ROM:
+------------+------------+---------------+----------------+
|Module Name | RTL Object | Depth x Width | Implemented As | 
+------------+------------+---------------+----------------+
|rom         | rom[255]   | 256x32        | LUT            | 
+------------+------------+---------------+----------------+

---------------------------------------------------------------------------------
Finished ROM, RAM, DSP and Shift Register Reporting
---------------------------------------------------------------------------------
Finished Applying XDC Timing Constraints : Time (s): cpu = 00:00:20 ; elapsed = 00:00:21 . Memory (MB): peak = 1413.504 ; gain = 490.793 ; free physical = 3409 ; free virtual = 13437
Finished Timing Optimization : Time (s): cpu = 00:00:20 ; elapsed = 00:00:21 . Memory (MB): peak = 1413.504 ; gain = 490.793 ; free physical = 3409 ; free virtual = 13437
Finished Technology Mapping : Time (s): cpu = 00:00:20 ; elapsed = 00:00:21 . Memory (MB): peak = 1422.520 ; gain = 499.809 ; free physical = 3400 ; free virtual = 13429
Finished IO Insertion : Time (s): cpu = 00:00:20 ; elapsed = 00:00:21 . Memory (MB): peak = 1422.520 ; gain = 499.809 ; free physical = 3400 ; free virtual = 13428
Finished Renaming Generated Instances : Time (s): cpu = 00:00:20 ; elapsed = 00:00:21 . Memory (MB): peak = 1422.520 ; gain = 499.809 ; free physical = 3400 ; free virtual = 13428
Finished Rebuilding User Hierarchy : Time (s): cpu = 00:00:20 ; elapsed = 00:00:21 . Memory (MB): peak = 1422.520 ; gain = 499.809 ; free physical = 3400 ; free virtual = 13428
Finished Renaming Generated Ports : Time (s): cpu = 00:00:20 ; elapsed = 00:00:21 . Memory (MB): peak = 1422.520 ; gain = 499.809 ; free physical = 3400 ; free virtual = 13428
Finished Handling Custom Attributes : Time (s): cpu = 00:00:20 ; elapsed = 00:00:21 . Memory (MB): peak = 1422.520 ; gain = 499.809 ; free physical = 3400 ; free virtual = 13428
Finished Renaming Generated Nets : Time (s): cpu = 00:00:20 ; elapsed = 00:00:21 . Memory (MB): peak = 1422.520 ; gain = 499.809 ; free physical = 3400 ; free virtual = 13428

Report Cell Usage: 
+------+-----+------+
|      |Cell |Count |
+------+-----+------+
|1     |LUT4 |     1|
|2     |LUT5 |    21|
+------+-----+------+
Finished Writing Synthesis Report : Time (s): cpu = 00:00:20 ; elapsed = 00:00:21 . Memory (MB): peak = 1422.520 ; gain = 499.809 ; free physical = 3400 ; free virtual = 13428
synth_design: Time (s): cpu = 00:00:18 ; elapsed = 00:00:18 . Memory (MB): peak = 1441.520 ; gain = 430.305 ; free physical = 3384 ; free virtual = 13412
