
*** Running vivado
    with args -log unified_memory.vds -m64 -product Vivado -mode batch -messageDb vivado.pb -notrace -source unified_memory.tcl


****** Vivado v2016.4 (64-bit)
  **** SW Build 1756540 on Mon Jan 23 19:11:19 MST 2017
  **** IP Build 1755317 on Mon Jan 23 20:30:07 MST 2017
    ** Copyright 1986-2016 Xilinx, Inc. All Rights Reserved.

source unified_memory.tcl -notrace
Starting RTL Elaboration : Time (s): cpu = 00:00:06 ; elapsed = 00:00:07 . Memory (MB): peak = 1090.793 ; gain = 168.086 ; free physical = 4022 ; free virtual = 13921
INFO: [Synth 8-638] synthesizing module 'unified_memory' [/home/dual/cs5170403/COL216/COL216_Assn_7/COL216_Assn_7.srcs/sources_1/ip/unified_memory/synth/unified_memory.vhd:69]
INFO: [Synth 8-256] done synthesizing module 'unified_memory' (4#1) [/home/dual/cs5170403/COL216/COL216_Assn_7/COL216_Assn_7.srcs/sources_1/ip/unified_memory/synth/unified_memory.vhd:69]
Finished RTL Elaboration : Time (s): cpu = 00:00:07 ; elapsed = 00:00:08 . Memory (MB): peak = 1132.262 ; gain = 209.555 ; free physical = 3979 ; free virtual = 13878
Finished RTL Optimization Phase 1 : Time (s): cpu = 00:00:07 ; elapsed = 00:00:08 . Memory (MB): peak = 1132.262 ; gain = 209.555 ; free physical = 3978 ; free virtual = 13877
INFO: [Device 21-403] Loading part xc7a35tcpg236-1
Constraint Validation Runtime : Time (s): cpu = 00:00:00 ; elapsed = 00:00:00.02 . Memory (MB): peak = 1442.477 ; gain = 0.000 ; free physical = 3818 ; free virtual = 13717
Finished Constraint Validation : Time (s): cpu = 00:00:14 ; elapsed = 00:00:15 . Memory (MB): peak = 1442.477 ; gain = 519.770 ; free physical = 3817 ; free virtual = 13716
Finished Loading Part and Timing Information : Time (s): cpu = 00:00:14 ; elapsed = 00:00:15 . Memory (MB): peak = 1442.477 ; gain = 519.770 ; free physical = 3817 ; free virtual = 13716
Finished applying 'set_property' XDC Constraints : Time (s): cpu = 00:00:14 ; elapsed = 00:00:15 . Memory (MB): peak = 1442.477 ; gain = 519.770 ; free physical = 3817 ; free virtual = 13716
Finished RTL Optimization Phase 2 : Time (s): cpu = 00:00:14 ; elapsed = 00:00:15 . Memory (MB): peak = 1442.477 ; gain = 519.770 ; free physical = 3810 ; free virtual = 13709
Finished Cross Boundary and Area Optimization : Time (s): cpu = 00:00:14 ; elapsed = 00:00:15 . Memory (MB): peak = 1442.477 ; gain = 519.770 ; free physical = 3810 ; free virtual = 13709
---------------------------------------------------------------------------------
Start ROM, RAM, DSP and Shift Register Reporting
---------------------------------------------------------------------------------

Distributed RAM: Preliminary Mapping  Report (see note below)
+---------------------+-----------------------------------------------------------+----------------+----------------------+------------------+
|Module Name          | RTL Object                                                | Inference      | Size (Depth x Width) | Primitives       | 
+---------------------+-----------------------------------------------------------+----------------+----------------------+------------------+
|dist_mem_gen_v8_0_11 | synth_options.dist_mem_inst/gen_sp_ram.spram_inst/ram_reg | User Attribute | 256 x 32             | RAM256X1S x 32   | 
+---------------------+-----------------------------------------------------------+----------------+----------------------+------------------+

Note: The table above is a preliminary report that shows the Distributed RAMs at the current stage of the synthesis flow. Some Distributed RAMs may be reimplemented as non Distributed RAM primitives later in the synthesis flow. Multiple instantiated RAMs are reported only once.
---------------------------------------------------------------------------------
Finished ROM, RAM, DSP and Shift Register Reporting
---------------------------------------------------------------------------------
Finished Applying XDC Timing Constraints : Time (s): cpu = 00:00:19 ; elapsed = 00:00:20 . Memory (MB): peak = 1442.477 ; gain = 519.770 ; free physical = 3769 ; free virtual = 13668
Finished Timing Optimization : Time (s): cpu = 00:00:19 ; elapsed = 00:00:20 . Memory (MB): peak = 1442.477 ; gain = 519.770 ; free physical = 3769 ; free virtual = 13668
Finished Technology Mapping : Time (s): cpu = 00:00:19 ; elapsed = 00:00:20 . Memory (MB): peak = 1442.477 ; gain = 519.770 ; free physical = 3750 ; free virtual = 13649
Finished IO Insertion : Time (s): cpu = 00:00:20 ; elapsed = 00:00:21 . Memory (MB): peak = 1442.477 ; gain = 519.770 ; free physical = 3750 ; free virtual = 13649
Finished Renaming Generated Instances : Time (s): cpu = 00:00:20 ; elapsed = 00:00:21 . Memory (MB): peak = 1442.477 ; gain = 519.770 ; free physical = 3750 ; free virtual = 13649
Finished Rebuilding User Hierarchy : Time (s): cpu = 00:00:20 ; elapsed = 00:00:21 . Memory (MB): peak = 1442.477 ; gain = 519.770 ; free physical = 3750 ; free virtual = 13649
Finished Renaming Generated Ports : Time (s): cpu = 00:00:20 ; elapsed = 00:00:21 . Memory (MB): peak = 1442.477 ; gain = 519.770 ; free physical = 3750 ; free virtual = 13649
Finished Handling Custom Attributes : Time (s): cpu = 00:00:20 ; elapsed = 00:00:21 . Memory (MB): peak = 1442.477 ; gain = 519.770 ; free physical = 3750 ; free virtual = 13649
Finished Renaming Generated Nets : Time (s): cpu = 00:00:20 ; elapsed = 00:00:21 . Memory (MB): peak = 1442.477 ; gain = 519.770 ; free physical = 3750 ; free virtual = 13649

Report Cell Usage: 
+------+----------+------+
|      |Cell      |Count |
+------+----------+------+
|1     |RAM256X1S |    32|
|2     |FDRE      |    32|
+------+----------+------+
Finished Writing Synthesis Report : Time (s): cpu = 00:00:20 ; elapsed = 00:00:21 . Memory (MB): peak = 1442.477 ; gain = 519.770 ; free physical = 3750 ; free virtual = 13649
synth_design: Time (s): cpu = 00:00:18 ; elapsed = 00:00:18 . Memory (MB): peak = 1442.484 ; gain = 431.273 ; free physical = 3745 ; free virtual = 13644
