
*** Running vivado
    with args -log rom_program_memory.vds -m64 -product Vivado -mode batch -messageDb vivado.pb -notrace -source rom_program_memory.tcl


****** Vivado v2016.4 (64-bit)
  **** SW Build 1756540 on Mon Jan 23 19:11:19 MST 2017
  **** IP Build 1755317 on Mon Jan 23 20:30:07 MST 2017
    ** Copyright 1986-2016 Xilinx, Inc. All Rights Reserved.

source rom_program_memory.tcl -notrace
Starting RTL Elaboration : Time (s): cpu = 00:00:07 ; elapsed = 00:00:07 . Memory (MB): peak = 1090.801 ; gain = 168.086 ; free physical = 503 ; free virtual = 11098
INFO: [Synth 8-638] synthesizing module 'rom_program_memory' [/home/dual/cs5170403/COL216/COL216_assn_5/COL216_assn_5.srcs/sources_1/ip/rom_program_memory/synth/rom_program_memory.vhd:66]
INFO: [Synth 8-256] done synthesizing module 'rom_program_memory' (4#1) [/home/dual/cs5170403/COL216/COL216_assn_5/COL216_assn_5.srcs/sources_1/ip/rom_program_memory/synth/rom_program_memory.vhd:66]
Finished RTL Elaboration : Time (s): cpu = 00:00:08 ; elapsed = 00:00:08 . Memory (MB): peak = 1132.270 ; gain = 209.555 ; free physical = 461 ; free virtual = 11056
Finished RTL Optimization Phase 1 : Time (s): cpu = 00:00:08 ; elapsed = 00:00:09 . Memory (MB): peak = 1132.270 ; gain = 209.555 ; free physical = 460 ; free virtual = 11056
INFO: [Device 21-403] Loading part xc7a35tcpg236-1
Constraint Validation Runtime : Time (s): cpu = 00:00:00.02 ; elapsed = 00:00:00.06 . Memory (MB): peak = 1410.484 ; gain = 0.000 ; free physical = 298 ; free virtual = 10893
Finished Constraint Validation : Time (s): cpu = 00:00:15 ; elapsed = 00:00:16 . Memory (MB): peak = 1410.484 ; gain = 487.770 ; free physical = 301 ; free virtual = 10897
Finished Loading Part and Timing Information : Time (s): cpu = 00:00:15 ; elapsed = 00:00:16 . Memory (MB): peak = 1410.484 ; gain = 487.770 ; free physical = 301 ; free virtual = 10897
Finished applying 'set_property' XDC Constraints : Time (s): cpu = 00:00:15 ; elapsed = 00:00:16 . Memory (MB): peak = 1410.484 ; gain = 487.770 ; free physical = 301 ; free virtual = 10897
Finished RTL Optimization Phase 2 : Time (s): cpu = 00:00:15 ; elapsed = 00:00:16 . Memory (MB): peak = 1410.484 ; gain = 487.770 ; free physical = 287 ; free virtual = 10883
Finished Cross Boundary and Area Optimization : Time (s): cpu = 00:00:15 ; elapsed = 00:00:16 . Memory (MB): peak = 1410.500 ; gain = 487.785 ; free physical = 263 ; free virtual = 10860
---------------------------------------------------------------------------------
Start ROM, RAM, DSP and Shift Register Reporting
---------------------------------------------------------------------------------

ROM:
+------------+------------+---------------+----------------+
|Module Name | RTL Object | Depth x Width | Implemented As | 
+------------+------------+---------------+----------------+
|rom         | rom[255]   | 256x32        | LUT            | 
+------------+------------+---------------+----------------+

---------------------------------------------------------------------------------
Finished ROM, RAM, DSP and Shift Register Reporting
---------------------------------------------------------------------------------
Finished Applying XDC Timing Constraints : Time (s): cpu = 00:00:21 ; elapsed = 00:00:22 . Memory (MB): peak = 1413.500 ; gain = 490.785 ; free physical = 253 ; free virtual = 10848
Finished Timing Optimization : Time (s): cpu = 00:00:21 ; elapsed = 00:00:22 . Memory (MB): peak = 1413.500 ; gain = 490.785 ; free physical = 253 ; free virtual = 10848
Finished Technology Mapping : Time (s): cpu = 00:00:22 ; elapsed = 00:00:23 . Memory (MB): peak = 1422.516 ; gain = 499.801 ; free physical = 244 ; free virtual = 10839
Finished IO Insertion : Time (s): cpu = 00:00:22 ; elapsed = 00:00:23 . Memory (MB): peak = 1422.516 ; gain = 499.801 ; free physical = 244 ; free virtual = 10839
Finished Renaming Generated Instances : Time (s): cpu = 00:00:22 ; elapsed = 00:00:23 . Memory (MB): peak = 1422.516 ; gain = 499.801 ; free physical = 244 ; free virtual = 10839
Finished Rebuilding User Hierarchy : Time (s): cpu = 00:00:22 ; elapsed = 00:00:23 . Memory (MB): peak = 1422.516 ; gain = 499.801 ; free physical = 244 ; free virtual = 10839
Finished Renaming Generated Ports : Time (s): cpu = 00:00:22 ; elapsed = 00:00:23 . Memory (MB): peak = 1422.516 ; gain = 499.801 ; free physical = 244 ; free virtual = 10839
Finished Handling Custom Attributes : Time (s): cpu = 00:00:22 ; elapsed = 00:00:23 . Memory (MB): peak = 1422.516 ; gain = 499.801 ; free physical = 244 ; free virtual = 10839
Finished Renaming Generated Nets : Time (s): cpu = 00:00:22 ; elapsed = 00:00:23 . Memory (MB): peak = 1422.516 ; gain = 499.801 ; free physical = 244 ; free virtual = 10839

Report Cell Usage: 
+------+-----+------+
|      |Cell |Count |
+------+-----+------+
|1     |LUT4 |     1|
|2     |LUT5 |    22|
+------+-----+------+
Finished Writing Synthesis Report : Time (s): cpu = 00:00:22 ; elapsed = 00:00:23 . Memory (MB): peak = 1422.516 ; gain = 499.801 ; free physical = 244 ; free virtual = 10839
synth_design: Time (s): cpu = 00:00:19 ; elapsed = 00:00:20 . Memory (MB): peak = 1473.531 ; gain = 462.312 ; free physical = 226 ; free virtual = 10822
