
*** Running vivado
    with args -log ram_data_memory.vds -m64 -product Vivado -mode batch -messageDb vivado.pb -notrace -source ram_data_memory.tcl


****** Vivado v2016.4 (64-bit)
  **** SW Build 1756540 on Mon Jan 23 19:11:19 MST 2017
  **** IP Build 1755317 on Mon Jan 23 20:30:07 MST 2017
    ** Copyright 1986-2016 Xilinx, Inc. All Rights Reserved.

source ram_data_memory.tcl -notrace
Starting RTL Elaboration : Time (s): cpu = 00:00:06 ; elapsed = 00:00:07 . Memory (MB): peak = 1090.793 ; gain = 168.086 ; free physical = 3672 ; free virtual = 13689
INFO: [Synth 8-638] synthesizing module 'ram_data_memory' [/home/dual/cs5170403/COL216/COL216_assn_5/COL216_assn_5.srcs/sources_1/ip/ram_data_memory/synth/ram_data_memory.vhd:69]
INFO: [Synth 8-256] done synthesizing module 'ram_data_memory' (4#1) [/home/dual/cs5170403/COL216/COL216_assn_5/COL216_assn_5.srcs/sources_1/ip/ram_data_memory/synth/ram_data_memory.vhd:69]
Finished RTL Elaboration : Time (s): cpu = 00:00:07 ; elapsed = 00:00:07 . Memory (MB): peak = 1132.262 ; gain = 209.555 ; free physical = 3629 ; free virtual = 13647
Finished RTL Optimization Phase 1 : Time (s): cpu = 00:00:07 ; elapsed = 00:00:07 . Memory (MB): peak = 1132.262 ; gain = 209.555 ; free physical = 3629 ; free virtual = 13647
INFO: [Device 21-403] Loading part xc7a35tcpg236-1
Constraint Validation Runtime : Time (s): cpu = 00:00:00.01 ; elapsed = 00:00:00.01 . Memory (MB): peak = 1443.477 ; gain = 0.000 ; free physical = 3468 ; free virtual = 13485
Finished Constraint Validation : Time (s): cpu = 00:00:13 ; elapsed = 00:00:14 . Memory (MB): peak = 1443.477 ; gain = 520.770 ; free physical = 3466 ; free virtual = 13484
Finished Loading Part and Timing Information : Time (s): cpu = 00:00:13 ; elapsed = 00:00:14 . Memory (MB): peak = 1443.477 ; gain = 520.770 ; free physical = 3466 ; free virtual = 13484
Finished applying 'set_property' XDC Constraints : Time (s): cpu = 00:00:13 ; elapsed = 00:00:14 . Memory (MB): peak = 1443.477 ; gain = 520.770 ; free physical = 3466 ; free virtual = 13484
Finished RTL Optimization Phase 2 : Time (s): cpu = 00:00:14 ; elapsed = 00:00:15 . Memory (MB): peak = 1443.477 ; gain = 520.770 ; free physical = 3458 ; free virtual = 13476
Finished Cross Boundary and Area Optimization : Time (s): cpu = 00:00:14 ; elapsed = 00:00:15 . Memory (MB): peak = 1443.477 ; gain = 520.770 ; free physical = 3458 ; free virtual = 13476
---------------------------------------------------------------------------------
Start ROM, RAM, DSP and Shift Register Reporting
---------------------------------------------------------------------------------

Distributed RAM: Preliminary Mapping  Report (see note below)
+---------------------+-----------------------------------------------------------+----------------+----------------------+------------------+
|Module Name          | RTL Object                                                | Inference      | Size (Depth x Width) | Primitives       | 
+---------------------+-----------------------------------------------------------+----------------+----------------------+------------------+
|dist_mem_gen_v8_0_11 | synth_options.dist_mem_inst/gen_sp_ram.spram_inst/ram_reg | User Attribute | 256 x 32             | RAM256X1S x 32   | 
+---------------------+-----------------------------------------------------------+----------------+----------------------+------------------+

Note: The table above is a preliminary report that shows the Distributed RAMs at the current stage of the synthesis flow. Some Distributed RAMs may be reimplemented as non Distributed RAM primitives later in the synthesis flow. Multiple instantiated RAMs are reported only once.
---------------------------------------------------------------------------------
Finished ROM, RAM, DSP and Shift Register Reporting
---------------------------------------------------------------------------------
Finished Applying XDC Timing Constraints : Time (s): cpu = 00:00:19 ; elapsed = 00:00:20 . Memory (MB): peak = 1443.477 ; gain = 520.770 ; free physical = 3419 ; free virtual = 13436
Finished Timing Optimization : Time (s): cpu = 00:00:19 ; elapsed = 00:00:20 . Memory (MB): peak = 1443.477 ; gain = 520.770 ; free physical = 3419 ; free virtual = 13436
Finished Technology Mapping : Time (s): cpu = 00:00:19 ; elapsed = 00:00:20 . Memory (MB): peak = 1443.477 ; gain = 520.770 ; free physical = 3400 ; free virtual = 13417
Finished IO Insertion : Time (s): cpu = 00:00:19 ; elapsed = 00:00:20 . Memory (MB): peak = 1443.477 ; gain = 520.770 ; free physical = 3400 ; free virtual = 13417
Finished Renaming Generated Instances : Time (s): cpu = 00:00:19 ; elapsed = 00:00:20 . Memory (MB): peak = 1443.477 ; gain = 520.770 ; free physical = 3400 ; free virtual = 13417
Finished Rebuilding User Hierarchy : Time (s): cpu = 00:00:19 ; elapsed = 00:00:20 . Memory (MB): peak = 1443.477 ; gain = 520.770 ; free physical = 3400 ; free virtual = 13417
Finished Renaming Generated Ports : Time (s): cpu = 00:00:19 ; elapsed = 00:00:20 . Memory (MB): peak = 1443.477 ; gain = 520.770 ; free physical = 3400 ; free virtual = 13417
Finished Handling Custom Attributes : Time (s): cpu = 00:00:19 ; elapsed = 00:00:20 . Memory (MB): peak = 1443.477 ; gain = 520.770 ; free physical = 3399 ; free virtual = 13416
Finished Renaming Generated Nets : Time (s): cpu = 00:00:19 ; elapsed = 00:00:20 . Memory (MB): peak = 1443.477 ; gain = 520.770 ; free physical = 3399 ; free virtual = 13416

Report Cell Usage: 
+------+----------+------+
|      |Cell      |Count |
+------+----------+------+
|1     |RAM256X1S |    32|
|2     |FDRE      |    32|
+------+----------+------+
Finished Writing Synthesis Report : Time (s): cpu = 00:00:19 ; elapsed = 00:00:20 . Memory (MB): peak = 1443.477 ; gain = 520.770 ; free physical = 3399 ; free virtual = 13416
synth_design: Time (s): cpu = 00:00:17 ; elapsed = 00:00:18 . Memory (MB): peak = 1443.484 ; gain = 432.273 ; free physical = 3394 ; free virtual = 13411
